[12-Jul-2025 08:23:49 Europe/Berlin] PHP Parse error:  syntax error, unexpected token "{" in D:\xampp\htdocs\chatcenter\api\apirest-dinamica\routers\routes.php on line 7
[12-Jul-2025 08:25:07 Europe/Berlin] PHP Parse error:  syntax error, unexpected token "{" in D:\xampp\htdocs\chatcenter\api\apirest-dinamica\routers\routes.php on line 6
[12-Jul-2025 08:25:38 Europe/Berlin] PHP Parse error:  syntax error, unexpected token "{" in D:\xampp\htdocs\chatcenter\api\apirest-dinamica\routers\routes.php on line 6
[13-Jul-2025 08:34:24 Europe/Berlin] PHP Parse error:  Unmatched ')' in D:\xampp\htdocs\chatcenter\api\apirest-dinamica\routers\routes.php on line 31
[13-Jul-2025 08:41:49 Europe/Berlin] PHP Parse error:  Unclosed '{' on line 31 in D:\xampp\htdocs\chatcenter\api\apirest-dinamica\routers\routes.php on line 44
[13-Jul-2025 18:24:28 Europe/Berlin] PHP Fatal error:  Uncaught Error: Class "Dba\Connection" not found in D:\xampp\htdocs\chatcenter\api\apirest-dinamica\index.php:19
Stack trace:
#0 {main}
  thrown in D:\xampp\htdocs\chatcenter\api\apirest-dinamica\index.php on line 19
[13-Jul-2025 18:26:20 Europe/Berlin] PHP Fatal error:  Uncaught Error: Class "Dba\Connection" not found in D:\xampp\htdocs\chatcenter\api\apirest-dinamica\index.php:19
Stack trace:
#0 {main}
  thrown in D:\xampp\htdocs\chatcenter\api\apirest-dinamica\index.php on line 19
[13-Jul-2025 18:28:45 Europe/Berlin] PHP Warning:  Undefined array key "usr" in D:\xampp\htdocs\chatcenter\api\apirest-dinamica\index.php on line 17
[13-Jul-2025 18:30:06 Europe/Berlin] PHP Fatal error:  Uncaught Error: Cannot use object of type PDO as array in D:\xampp\htdocs\chatcenter\api\apirest-dinamica\index.php:17
Stack trace:
#0 {main}
  thrown in D:\xampp\htdocs\chatcenter\api\apirest-dinamica\index.php on line 17
[13-Jul-2025 22:24:08 Europe/Berlin] PHP Parse error:  Unclosed '{' on line 30 in D:\xampp\htdocs\chatcenter\api\apirest-dinamica\routers\routes.php on line 93
[14-Jul-2025 20:13:48 Europe/Berlin] PHP Fatal error:  Uncaught Error: Class "GetController" not found in D:\xampp\htdocs\chatcenter\api\apirest-dinamica\routers\services\get.php:4
Stack trace:
#0 D:\xampp\htdocs\chatcenter\api\apirest-dinamica\routers\routes.php(38): include()
#1 D:\xampp\htdocs\chatcenter\api\apirest-dinamica\controllers\routes.controller.php(11): include('D:\\xampp\\htdocs...')
#2 D:\xampp\htdocs\chatcenter\api\apirest-dinamica\index.php(25): RoutesController->index()
#3 {main}
  thrown in D:\xampp\htdocs\chatcenter\api\apirest-dinamica\routers\services\get.php on line 4
[14-Jul-2025 20:17:32 Europe/Berlin] PHP Fatal error:  Uncaught PDOException: SQLSTATE[42S02]: Base table or view not found: 1146 Table 'database-1.vourses' doesn't exist in D:\xampp\htdocs\chatcenter\api\apirest-dinamica\models\get.models.php:11
Stack trace:
#0 D:\xampp\htdocs\chatcenter\api\apirest-dinamica\models\get.models.php(11): PDOStatement->execute()
#1 D:\xampp\htdocs\chatcenter\api\apirest-dinamica\controllers\get.controller.php(9): GetModel::getData('vourses')
#2 D:\xampp\htdocs\chatcenter\api\apirest-dinamica\routers\services\get.php(7): GetController::getData('vourses')
#3 D:\xampp\htdocs\chatcenter\api\apirest-dinamica\routers\routes.php(38): include('D:\\xampp\\htdocs...')
#4 D:\xampp\htdocs\chatcenter\api\apirest-dinamica\controllers\routes.controller.php(11): include('D:\\xampp\\htdocs...')
#5 D:\xampp\htdocs\chatcenter\api\apirest-dinamica\index.php(25): RoutesController->index()
#6 {main}
  thrown in D:\xampp\htdocs\chatcenter\api\apirest-dinamica\models\get.models.php on line 11
[15-Jul-2025 21:28:12 Europe/Berlin] PHP Fatal error:  Uncaught PDOException: SQLSTATE[42000]: Syntax error or access violation: 1064 You have an error in your SQL syntax; check the manual that corresponds to your MariaDB server version for the right syntax to use near '?select=id_product,name_product' at line 1 in D:\xampp\htdocs\chatcenter\api\apirest-dinamica\models\get.models.php:11
Stack trace:
#0 D:\xampp\htdocs\chatcenter\api\apirest-dinamica\models\get.models.php(11): PDOStatement->execute()
#1 D:\xampp\htdocs\chatcenter\api\apirest-dinamica\controllers\get.controller.php(9): GetModel::getData('courses?select=...', 'id_product,name...')
#2 D:\xampp\htdocs\chatcenter\api\apirest-dinamica\routers\services\get.php(10): GetController::getData('courses?select=...', 'id_product,name...')
#3 D:\xampp\htdocs\chatcenter\api\apirest-dinamica\routers\routes.php(38): include('D:\\xampp\\htdocs...')
#4 D:\xampp\htdocs\chatcenter\api\apirest-dinamica\controllers\routes.controller.php(11): include('D:\\xampp\\htdocs...')
#5 D:\xampp\htdocs\chatcenter\api\apirest-dinamica\index.php(25): RoutesController->index()
#6 {main}
  thrown in D:\xampp\htdocs\chatcenter\api\apirest-dinamica\models\get.models.php on line 11
[15-Jul-2025 21:29:16 Europe/Berlin] PHP Fatal error:  Uncaught PDOException: SQLSTATE[42000]: Syntax error or access violation: 1064 You have an error in your SQL syntax; check the manual that corresponds to your MariaDB server version for the right syntax to use near '?select=id_course,title_course' at line 1 in D:\xampp\htdocs\chatcenter\api\apirest-dinamica\models\get.models.php:11
Stack trace:
#0 D:\xampp\htdocs\chatcenter\api\apirest-dinamica\models\get.models.php(11): PDOStatement->execute()
#1 D:\xampp\htdocs\chatcenter\api\apirest-dinamica\controllers\get.controller.php(9): GetModel::getData('courses?select=...', 'id_course,title...')
#2 D:\xampp\htdocs\chatcenter\api\apirest-dinamica\routers\services\get.php(10): GetController::getData('courses?select=...', 'id_course,title...')
#3 D:\xampp\htdocs\chatcenter\api\apirest-dinamica\routers\routes.php(38): include('D:\\xampp\\htdocs...')
#4 D:\xampp\htdocs\chatcenter\api\apirest-dinamica\controllers\routes.controller.php(11): include('D:\\xampp\\htdocs...')
#5 D:\xampp\htdocs\chatcenter\api\apirest-dinamica\index.php(25): RoutesController->index()
#6 {main}
  thrown in D:\xampp\htdocs\chatcenter\api\apirest-dinamica\models\get.models.php on line 11
[15-Jul-2025 21:30:10 Europe/Berlin] PHP Fatal error:  Uncaught PDOException: SQLSTATE[42000]: Syntax error or access violation: 1064 You have an error in your SQL syntax; check the manual that corresponds to your MariaDB server version for the right syntax to use near '?select=id_course,title_course' at line 1 in D:\xampp\htdocs\chatcenter\api\apirest-dinamica\models\get.models.php:11
Stack trace:
#0 D:\xampp\htdocs\chatcenter\api\apirest-dinamica\models\get.models.php(11): PDOStatement->execute()
#1 D:\xampp\htdocs\chatcenter\api\apirest-dinamica\controllers\get.controller.php(9): GetModel::getData('courses?select=...', 'id_course,title...')
#2 D:\xampp\htdocs\chatcenter\api\apirest-dinamica\routers\services\get.php(10): GetController::getData('courses?select=...', 'id_course,title...')
#3 D:\xampp\htdocs\chatcenter\api\apirest-dinamica\routers\routes.php(38): include('D:\\xampp\\htdocs...')
#4 D:\xampp\htdocs\chatcenter\api\apirest-dinamica\controllers\routes.controller.php(11): include('D:\\xampp\\htdocs...')
#5 D:\xampp\htdocs\chatcenter\api\apirest-dinamica\index.php(25): RoutesController->index()
#6 {main}
  thrown in D:\xampp\htdocs\chatcenter\api\apirest-dinamica\models\get.models.php on line 11
[15-Jul-2025 21:35:40 Europe/Berlin] PHP Warning:  Undefined variable $explode in D:\xampp\htdocs\chatcenter\api\apirest-dinamica\routers\services\get.php on line 5
[15-Jul-2025 21:35:40 Europe/Berlin] PHP Fatal error:  Uncaught Error: Value of type null is not callable in D:\xampp\htdocs\chatcenter\api\apirest-dinamica\routers\services\get.php:5
Stack trace:
#0 D:\xampp\htdocs\chatcenter\api\apirest-dinamica\routers\routes.php(38): include()
#1 D:\xampp\htdocs\chatcenter\api\apirest-dinamica\controllers\routes.controller.php(11): include('D:\\xampp\\htdocs...')
#2 D:\xampp\htdocs\chatcenter\api\apirest-dinamica\index.php(25): RoutesController->index()
#3 {main}
  thrown in D:\xampp\htdocs\chatcenter\api\apirest-dinamica\routers\services\get.php on line 5
[15-Jul-2025 21:36:40 Europe/Berlin] PHP Warning:  Undefined variable $explode in D:\xampp\htdocs\chatcenter\api\apirest-dinamica\routers\services\get.php on line 5
[15-Jul-2025 21:36:40 Europe/Berlin] PHP Fatal error:  Uncaught Error: Value of type null is not callable in D:\xampp\htdocs\chatcenter\api\apirest-dinamica\routers\services\get.php:5
Stack trace:
#0 D:\xampp\htdocs\chatcenter\api\apirest-dinamica\routers\routes.php(38): include()
#1 D:\xampp\htdocs\chatcenter\api\apirest-dinamica\controllers\routes.controller.php(11): include('D:\\xampp\\htdocs...')
#2 D:\xampp\htdocs\chatcenter\api\apirest-dinamica\index.php(25): RoutesController->index()
#3 {main}
  thrown in D:\xampp\htdocs\chatcenter\api\apirest-dinamica\routers\services\get.php on line 5
[15-Jul-2025 21:38:08 Europe/Berlin] PHP Warning:  Undefined variable $explode in D:\xampp\htdocs\chatcenter\api\apirest-dinamica\routers\services\get.php on line 5
[15-Jul-2025 21:38:08 Europe/Berlin] PHP Fatal error:  Uncaught Error: Value of type null is not callable in D:\xampp\htdocs\chatcenter\api\apirest-dinamica\routers\services\get.php:5
Stack trace:
#0 D:\xampp\htdocs\chatcenter\api\apirest-dinamica\routers\routes.php(38): include()
#1 D:\xampp\htdocs\chatcenter\api\apirest-dinamica\controllers\routes.controller.php(11): include('D:\\xampp\\htdocs...')
#2 D:\xampp\htdocs\chatcenter\api\apirest-dinamica\index.php(25): RoutesController->index()
#3 {main}
  thrown in D:\xampp\htdocs\chatcenter\api\apirest-dinamica\routers\services\get.php on line 5
[15-Jul-2025 21:38:10 Europe/Berlin] PHP Warning:  Undefined variable $explode in D:\xampp\htdocs\chatcenter\api\apirest-dinamica\routers\services\get.php on line 5
[15-Jul-2025 21:38:10 Europe/Berlin] PHP Fatal error:  Uncaught Error: Value of type null is not callable in D:\xampp\htdocs\chatcenter\api\apirest-dinamica\routers\services\get.php:5
Stack trace:
#0 D:\xampp\htdocs\chatcenter\api\apirest-dinamica\routers\routes.php(38): include()
#1 D:\xampp\htdocs\chatcenter\api\apirest-dinamica\controllers\routes.controller.php(11): include('D:\\xampp\\htdocs...')
#2 D:\xampp\htdocs\chatcenter\api\apirest-dinamica\index.php(25): RoutesController->index()
#3 {main}
  thrown in D:\xampp\htdocs\chatcenter\api\apirest-dinamica\routers\services\get.php on line 5
[15-Jul-2025 21:38:36 Europe/Berlin] PHP Warning:  Undefined variable $explode in D:\xampp\htdocs\chatcenter\api\apirest-dinamica\routers\services\get.php on line 5
[15-Jul-2025 21:38:36 Europe/Berlin] PHP Fatal error:  Uncaught Error: Value of type null is not callable in D:\xampp\htdocs\chatcenter\api\apirest-dinamica\routers\services\get.php:5
Stack trace:
#0 D:\xampp\htdocs\chatcenter\api\apirest-dinamica\routers\routes.php(38): include()
#1 D:\xampp\htdocs\chatcenter\api\apirest-dinamica\controllers\routes.controller.php(11): include('D:\\xampp\\htdocs...')
#2 D:\xampp\htdocs\chatcenter\api\apirest-dinamica\index.php(25): RoutesController->index()
#3 {main}
  thrown in D:\xampp\htdocs\chatcenter\api\apirest-dinamica\routers\services\get.php on line 5
[15-Jul-2025 21:40:35 Europe/Berlin] PHP Warning:  Array to string conversion in D:\xampp\htdocs\chatcenter\api\apirest-dinamica\models\get.models.php on line 9
[15-Jul-2025 21:40:35 Europe/Berlin] PHP Fatal error:  Uncaught PDOException: SQLSTATE[42S02]: Base table or view not found: 1146 Table 'database-1.array' doesn't exist in D:\xampp\htdocs\chatcenter\api\apirest-dinamica\models\get.models.php:11
Stack trace:
#0 D:\xampp\htdocs\chatcenter\api\apirest-dinamica\models\get.models.php(11): PDOStatement->execute()
#1 D:\xampp\htdocs\chatcenter\api\apirest-dinamica\controllers\get.controller.php(9): GetModel::getData(Array, 'id_course,title...')
#2 D:\xampp\htdocs\chatcenter\api\apirest-dinamica\routers\services\get.php(10): GetController::getData(Array, 'id_course,title...')
#3 D:\xampp\htdocs\chatcenter\api\apirest-dinamica\routers\routes.php(38): include('D:\\xampp\\htdocs...')
#4 D:\xampp\htdocs\chatcenter\api\apirest-dinamica\controllers\routes.controller.php(11): include('D:\\xampp\\htdocs...')
#5 D:\xampp\htdocs\chatcenter\api\apirest-dinamica\index.php(25): RoutesController->index()
#6 {main}
  thrown in D:\xampp\htdocs\chatcenter\api\apirest-dinamica\models\get.models.php on line 11
[15-Jul-2025 21:41:49 Europe/Berlin] PHP Warning:  Array to string conversion in D:\xampp\htdocs\chatcenter\api\apirest-dinamica\models\get.models.php on line 9
[15-Jul-2025 21:41:49 Europe/Berlin] PHP Fatal error:  Uncaught PDOException: SQLSTATE[42S02]: Base table or view not found: 1146 Table 'database-1.array' doesn't exist in D:\xampp\htdocs\chatcenter\api\apirest-dinamica\models\get.models.php:11
Stack trace:
#0 D:\xampp\htdocs\chatcenter\api\apirest-dinamica\models\get.models.php(11): PDOStatement->execute()
#1 D:\xampp\htdocs\chatcenter\api\apirest-dinamica\controllers\get.controller.php(9): GetModel::getData(Array, 'id_course,title...')
#2 D:\xampp\htdocs\chatcenter\api\apirest-dinamica\routers\services\get.php(10): GetController::getData(Array, 'id_course,title...')
#3 D:\xampp\htdocs\chatcenter\api\apirest-dinamica\routers\routes.php(38): include('D:\\xampp\\htdocs...')
#4 D:\xampp\htdocs\chatcenter\api\apirest-dinamica\controllers\routes.controller.php(11): include('D:\\xampp\\htdocs...')
#5 D:\xampp\htdocs\chatcenter\api\apirest-dinamica\index.php(25): RoutesController->index()
#6 {main}
  thrown in D:\xampp\htdocs\chatcenter\api\apirest-dinamica\models\get.models.php on line 11
